[INFO  - 2018-05-15T21:59:05.145Z] GhostDriver - Main - running on port 32225
[INFO  - 2018-05-15T22:06:59.891Z] GhostDriver - Main - running on port 1611
[INFO  - 2018-05-15T22:09:30.251Z] GhostDriver - Main - running on port 27677
[INFO  - 2018-05-15T22:11:32.246Z] GhostDriver - Main - running on port 3465
[INFO  - 2018-05-15T22:12:05.404Z] GhostDriver - Main - running on port 10919
[INFO  - 2018-05-15T22:12:23.569Z] GhostDriver - Main - running on port 10092
[INFO  - 2018-05-15T22:14:27.956Z] GhostDriver - Main - running on port 34541
[INFO  - 2018-05-15T22:14:28.399Z] Session [559018a0-588d-11e8-8ced-2791ab69157d] - page.settings - {"XSSAuditingEnabled":false,"javascriptCanCloseWindows":true,"javascriptCanOpenWindows":true,"javascriptEnabled":true,"loadImages":true,"localToRemoteUrlAccessEnabled":false,"userAgent":"Mozilla/5.0 (Macintosh; Intel Mac OS X) AppleWebKit/538.1 (KHTML, like Gecko) PhantomJS/2.1.1 Safari/538.1","webSecurityEnabled":true}
[INFO  - 2018-05-15T22:14:28.399Z] Session [559018a0-588d-11e8-8ced-2791ab69157d] - page.customHeaders:  - {}
[INFO  - 2018-05-15T22:14:28.399Z] Session [559018a0-588d-11e8-8ced-2791ab69157d] - Session.negotiatedCapabilities - {"browserName":"phantomjs","version":"2.1.1","driverName":"ghostdriver","driverVersion":"1.2.0","platform":"mac-unknown-64bit","javascriptEnabled":true,"takesScreenshot":true,"handlesAlerts":false,"databaseEnabled":false,"locationContextEnabled":false,"applicationCacheEnabled":false,"browserConnectionEnabled":false,"cssSelectorsEnabled":true,"webStorageEnabled":false,"rotatable":false,"acceptSslCerts":false,"nativeEvents":true,"proxy":{"proxyType":"direct"}}
[INFO  - 2018-05-15T22:14:28.399Z] SessionManagerReqHand - _postNewSessionCommand - New Session Created: 559018a0-588d-11e8-8ced-2791ab69157d
[INFO  - 2018-05-15T22:17:00.339Z] GhostDriver - Main - running on port 27382
[INFO  - 2018-05-15T22:17:00.824Z] Session [b06a7540-588d-11e8-99a0-173010c32c68] - page.settings - {"XSSAuditingEnabled":false,"javascriptCanCloseWindows":true,"javascriptCanOpenWindows":true,"javascriptEnabled":true,"loadImages":true,"localToRemoteUrlAccessEnabled":false,"userAgent":"Mozilla/5.0 (Macintosh; Intel Mac OS X) AppleWebKit/538.1 (KHTML, like Gecko) PhantomJS/2.1.1 Safari/538.1","webSecurityEnabled":true}
[INFO  - 2018-05-15T22:17:00.825Z] Session [b06a7540-588d-11e8-99a0-173010c32c68] - page.customHeaders:  - {}
[INFO  - 2018-05-15T22:17:00.825Z] Session [b06a7540-588d-11e8-99a0-173010c32c68] - Session.negotiatedCapabilities - {"browserName":"phantomjs","version":"2.1.1","driverName":"ghostdriver","driverVersion":"1.2.0","platform":"mac-unknown-64bit","javascriptEnabled":true,"takesScreenshot":true,"handlesAlerts":false,"databaseEnabled":false,"locationContextEnabled":false,"applicationCacheEnabled":false,"browserConnectionEnabled":false,"cssSelectorsEnabled":true,"webStorageEnabled":false,"rotatable":false,"acceptSslCerts":false,"nativeEvents":true,"proxy":{"proxyType":"direct"}}
[INFO  - 2018-05-15T22:17:00.825Z] SessionManagerReqHand - _postNewSessionCommand - New Session Created: b06a7540-588d-11e8-99a0-173010c32c68
[INFO  - 2018-05-15T22:19:28.890Z] SessionManagerReqHand - _cleanupWindowlessSessions - Asynchronous Sessions clean-up phase starting NOW
[INFO  - 2018-05-15T22:22:00.341Z] SessionManagerReqHand - _cleanupWindowlessSessions - Asynchronous Sessions clean-up phase starting NOW
[INFO  - 2018-05-15T22:24:28.899Z] SessionManagerReqHand - _cleanupWindowlessSessions - Asynchronous Sessions clean-up phase starting NOW
[INFO  - 2018-05-15T22:24:36.513Z] GhostDriver - Main - running on port 29867
[INFO  - 2018-05-15T22:24:36.742Z] Session [c029df10-588e-11e8-bcd8-6114fedf553c] - page.settings - {"XSSAuditingEnabled":false,"javascriptCanCloseWindows":true,"javascriptCanOpenWindows":true,"javascriptEnabled":true,"loadImages":true,"localToRemoteUrlAccessEnabled":false,"userAgent":"Mozilla/5.0 (Macintosh; Intel Mac OS X) AppleWebKit/538.1 (KHTML, like Gecko) PhantomJS/2.1.1 Safari/538.1","webSecurityEnabled":true}
[INFO  - 2018-05-15T22:24:36.742Z] Session [c029df10-588e-11e8-bcd8-6114fedf553c] - page.customHeaders:  - {}
[INFO  - 2018-05-15T22:24:36.742Z] Session [c029df10-588e-11e8-bcd8-6114fedf553c] - Session.negotiatedCapabilities - {"browserName":"phantomjs","version":"2.1.1","driverName":"ghostdriver","driverVersion":"1.2.0","platform":"mac-unknown-64bit","javascriptEnabled":true,"takesScreenshot":true,"handlesAlerts":false,"databaseEnabled":false,"locationContextEnabled":false,"applicationCacheEnabled":false,"browserConnectionEnabled":false,"cssSelectorsEnabled":true,"webStorageEnabled":false,"rotatable":false,"acceptSslCerts":false,"nativeEvents":true,"proxy":{"proxyType":"direct"}}
[INFO  - 2018-05-15T22:24:36.742Z] SessionManagerReqHand - _postNewSessionCommand - New Session Created: c029df10-588e-11e8-bcd8-6114fedf553c
[INFO  - 2018-05-15T22:27:00.359Z] SessionManagerReqHand - _cleanupWindowlessSessions - Asynchronous Sessions clean-up phase starting NOW
[INFO  - 2018-05-15T22:28:07.917Z] GhostDriver - Main - running on port 44652
[INFO  - 2018-05-15T22:28:08.375Z] Session [3e4e8120-588f-11e8-a144-a5eaf2d5d3f4] - page.settings - {"XSSAuditingEnabled":false,"javascriptCanCloseWindows":true,"javascriptCanOpenWindows":true,"javascriptEnabled":true,"loadImages":true,"localToRemoteUrlAccessEnabled":false,"userAgent":"Mozilla/5.0 (Macintosh; Intel Mac OS X) AppleWebKit/538.1 (KHTML, like Gecko) PhantomJS/2.1.1 Safari/538.1","webSecurityEnabled":true}
[INFO  - 2018-05-15T22:28:08.375Z] Session [3e4e8120-588f-11e8-a144-a5eaf2d5d3f4] - page.customHeaders:  - {}
[INFO  - 2018-05-15T22:28:08.376Z] Session [3e4e8120-588f-11e8-a144-a5eaf2d5d3f4] - Session.negotiatedCapabilities - {"browserName":"phantomjs","version":"2.1.1","driverName":"ghostdriver","driverVersion":"1.2.0","platform":"mac-unknown-64bit","javascriptEnabled":true,"takesScreenshot":true,"handlesAlerts":false,"databaseEnabled":false,"locationContextEnabled":false,"applicationCacheEnabled":false,"browserConnectionEnabled":false,"cssSelectorsEnabled":true,"webStorageEnabled":false,"rotatable":false,"acceptSslCerts":false,"nativeEvents":true,"proxy":{"proxyType":"direct"}}
[INFO  - 2018-05-15T22:28:08.376Z] SessionManagerReqHand - _postNewSessionCommand - New Session Created: 3e4e8120-588f-11e8-a144-a5eaf2d5d3f4
[INFO  - 2018-05-15T22:29:11.796Z] GhostDriver - Main - running on port 32002
[INFO  - 2018-05-15T22:29:12.242Z] Session [645faec0-588f-11e8-8a8e-9b70362f0f0d] - page.settings - {"XSSAuditingEnabled":false,"javascriptCanCloseWindows":true,"javascriptCanOpenWindows":true,"javascriptEnabled":true,"loadImages":true,"localToRemoteUrlAccessEnabled":false,"userAgent":"Mozilla/5.0 (Macintosh; Intel Mac OS X) AppleWebKit/538.1 (KHTML, like Gecko) PhantomJS/2.1.1 Safari/538.1","webSecurityEnabled":true}
[INFO  - 2018-05-15T22:29:12.243Z] Session [645faec0-588f-11e8-8a8e-9b70362f0f0d] - page.customHeaders:  - {}
[INFO  - 2018-05-15T22:29:12.243Z] Session [645faec0-588f-11e8-8a8e-9b70362f0f0d] - Session.negotiatedCapabilities - {"browserName":"phantomjs","version":"2.1.1","driverName":"ghostdriver","driverVersion":"1.2.0","platform":"mac-unknown-64bit","javascriptEnabled":true,"takesScreenshot":true,"handlesAlerts":false,"databaseEnabled":false,"locationContextEnabled":false,"applicationCacheEnabled":false,"browserConnectionEnabled":false,"cssSelectorsEnabled":true,"webStorageEnabled":false,"rotatable":false,"acceptSslCerts":false,"nativeEvents":true,"proxy":{"proxyType":"direct"}}
[INFO  - 2018-05-15T22:29:12.243Z] SessionManagerReqHand - _postNewSessionCommand - New Session Created: 645faec0-588f-11e8-8a8e-9b70362f0f0d
[INFO  - 2018-05-15T22:29:28.916Z] SessionManagerReqHand - _cleanupWindowlessSessions - Asynchronous Sessions clean-up phase starting NOW
[INFO  - 2018-05-15T22:29:36.917Z] SessionManagerReqHand - _cleanupWindowlessSessions - Asynchronous Sessions clean-up phase starting NOW
[INFO  - 2018-05-15T22:31:12.313Z] GhostDriver - Main - running on port 16205
[INFO  - 2018-05-15T22:31:12.823Z] Session [ac3f0920-588f-11e8-ab57-97e9a6271380] - page.settings - {"XSSAuditingEnabled":false,"javascriptCanCloseWindows":true,"javascriptCanOpenWindows":true,"javascriptEnabled":true,"loadImages":true,"localToRemoteUrlAccessEnabled":false,"userAgent":"Mozilla/5.0 (Macintosh; Intel Mac OS X) AppleWebKit/538.1 (KHTML, like Gecko) PhantomJS/2.1.1 Safari/538.1","webSecurityEnabled":true}
[INFO  - 2018-05-15T22:31:12.823Z] Session [ac3f0920-588f-11e8-ab57-97e9a6271380] - page.customHeaders:  - {}
[INFO  - 2018-05-15T22:31:12.823Z] Session [ac3f0920-588f-11e8-ab57-97e9a6271380] - Session.negotiatedCapabilities - {"browserName":"phantomjs","version":"2.1.1","driverName":"ghostdriver","driverVersion":"1.2.0","platform":"mac-unknown-64bit","javascriptEnabled":true,"takesScreenshot":true,"handlesAlerts":false,"databaseEnabled":false,"locationContextEnabled":false,"applicationCacheEnabled":false,"browserConnectionEnabled":false,"cssSelectorsEnabled":true,"webStorageEnabled":false,"rotatable":false,"acceptSslCerts":false,"nativeEvents":true,"proxy":{"proxyType":"direct"}}
[INFO  - 2018-05-15T22:31:12.823Z] SessionManagerReqHand - _postNewSessionCommand - New Session Created: ac3f0920-588f-11e8-ab57-97e9a6271380
[ERROR - 2018-05-15T22:31:16.231Z] Session [ac3f0920-588f-11e8-ab57-97e9a6271380] - page.onError - msg: TypeError: undefined is not an object (evaluating 'b.origin.toLowerCase')
[ERROR - 2018-05-15T22:31:16.232Z] Session [ac3f0920-588f-11e8-ab57-97e9a6271380] - page.onError - stack:
  (anonymous function) (http://irecommend.ru/sites/default/files/js/js_e04790787af668fd59a09bbc8bb4a343.js?v=3725242462a33:40)
  dispatch (https://ajax.googleapis.com/ajax/libs/jquery/1.12.4/jquery.min.js:3)
  handle (https://ajax.googleapis.com/ajax/libs/jquery/1.12.4/jquery.min.js:3)
[INFO  - 2018-05-15T22:31:21.549Z] GhostDriver - Main - running on port 27014
[INFO  - 2018-05-15T22:31:21.669Z] Session [b184d400-588f-11e8-bff6-afc2d19b3970] - page.settings - {"XSSAuditingEnabled":false,"javascriptCanCloseWindows":true,"javascriptCanOpenWindows":true,"javascriptEnabled":true,"loadImages":true,"localToRemoteUrlAccessEnabled":false,"userAgent":"Mozilla/5.0 (Macintosh; Intel Mac OS X) AppleWebKit/538.1 (KHTML, like Gecko) PhantomJS/2.1.1 Safari/538.1","webSecurityEnabled":true}
[INFO  - 2018-05-15T22:31:21.669Z] Session [b184d400-588f-11e8-bff6-afc2d19b3970] - page.customHeaders:  - {}
[INFO  - 2018-05-15T22:31:21.669Z] Session [b184d400-588f-11e8-bff6-afc2d19b3970] - Session.negotiatedCapabilities - {"browserName":"phantomjs","version":"2.1.1","driverName":"ghostdriver","driverVersion":"1.2.0","platform":"mac-unknown-64bit","javascriptEnabled":true,"takesScreenshot":true,"handlesAlerts":false,"databaseEnabled":false,"locationContextEnabled":false,"applicationCacheEnabled":false,"browserConnectionEnabled":false,"cssSelectorsEnabled":true,"webStorageEnabled":false,"rotatable":false,"acceptSslCerts":false,"nativeEvents":true,"proxy":{"proxyType":"direct"}}
[INFO  - 2018-05-15T22:31:21.670Z] SessionManagerReqHand - _postNewSessionCommand - New Session Created: b184d400-588f-11e8-bff6-afc2d19b3970
[ERROR - 2018-05-15T22:31:25.152Z] Session [b184d400-588f-11e8-bff6-afc2d19b3970] - page.onError - msg: TypeError: undefined is not an object (evaluating 'b.origin.toLowerCase')
[ERROR - 2018-05-15T22:31:25.153Z] Session [b184d400-588f-11e8-bff6-afc2d19b3970] - page.onError - stack:
  (anonymous function) (http://irecommend.ru/sites/default/files/js/js_e04790787af668fd59a09bbc8bb4a343.js?v=3725242462a33:40)
  dispatch (https://ajax.googleapis.com/ajax/libs/jquery/1.12.4/jquery.min.js:3)
  handle (https://ajax.googleapis.com/ajax/libs/jquery/1.12.4/jquery.min.js:3)
[ERROR - 2018-05-15T22:31:25.154Z] Session [b184d400-588f-11e8-bff6-afc2d19b3970] - page.onError - msg: TypeError: undefined is not an object (evaluating 'b.origin.toLowerCase')
[ERROR - 2018-05-15T22:31:25.154Z] Session [b184d400-588f-11e8-bff6-afc2d19b3970] - page.onError - stack:
  (anonymous function) (http://irecommend.ru/sites/default/files/js/js_e04790787af668fd59a09bbc8bb4a343.js?v=3725242462a33:40)
  dispatch (https://ajax.googleapis.com/ajax/libs/jquery/1.12.4/jquery.min.js:3)
  handle (https://ajax.googleapis.com/ajax/libs/jquery/1.12.4/jquery.min.js:3)
[ERROR - 2018-05-15T22:31:25.163Z] Session [b184d400-588f-11e8-bff6-afc2d19b3970] - page.onError - msg: TypeError: undefined is not an object (evaluating 'b.origin.toLowerCase')
[ERROR - 2018-05-15T22:31:25.164Z] Session [b184d400-588f-11e8-bff6-afc2d19b3970] - page.onError - stack:
  (anonymous function) (http://irecommend.ru/sites/default/files/js/js_e04790787af668fd59a09bbc8bb4a343.js?v=3725242462a33:40)
  dispatch (https://ajax.googleapis.com/ajax/libs/jquery/1.12.4/jquery.min.js:3)
  handle (https://ajax.googleapis.com/ajax/libs/jquery/1.12.4/jquery.min.js:3)
[ERROR - 2018-05-15T22:31:26.428Z] Session [b184d400-588f-11e8-bff6-afc2d19b3970] - page.onError - msg: [SafeFrame error] Error in "ya_partner_R-A-59468-18":
Error occurred inside SafeFrame:
Message: TypeError: undefined is not a constructor (evaluating 'new cjs.Sprite()')
URL: http://yastatic.net/safeframe-bundles/0.33/1-1-0/protected/render.html
Line: 12
[ERROR - 2018-05-15T22:31:26.429Z] Session [b184d400-588f-11e8-bff6-afc2d19b3970] - page.onError - stack:
  r (https://yastatic.net/safeframe-bundles/0.33/host.js:1)
[ERROR - 2018-05-15T22:31:26.429Z] Session [b184d400-588f-11e8-bff6-afc2d19b3970] - page.onError - msg: [SafeFrame error] Error in "ya_partner_R-A-59468-18":
Error occurred inside SafeFrame:
Message: TypeError: undefined is not a constructor (evaluating 'AdobeAn.getComposition("9263E43DB03A477F88E013EBCFA5E30C")')
URL: http://yastatic.net/safeframe-bundles/0.33/1-1-0/protected/render.html
Line: 5
[ERROR - 2018-05-15T22:31:26.429Z] Session [b184d400-588f-11e8-bff6-afc2d19b3970] - page.onError - stack:
  r (https://yastatic.net/safeframe-bundles/0.33/host.js:1)
[ERROR - 2018-05-15T22:31:30.943Z] WebElementLocator - _handleLocateCommand - Element(s) NOT Found: GAVE UP. Search Stop Time: 1526423490906
[ERROR - 2018-05-15T22:31:33.631Z] WebElementLocator - _handleLocateCommand - Element(s) NOT Found: GAVE UP. Search Stop Time: 1526423493599
[ERROR - 2018-05-15T22:31:35.821Z] WebElementLocator - _handleLocateCommand - Element(s) NOT Found: GAVE UP. Search Stop Time: 1526423495796
[ERROR - 2018-05-15T22:31:37.997Z] WebElementLocator - _handleLocateCommand - Element(s) NOT Found: GAVE UP. Search Stop Time: 1526423497959
[ERROR - 2018-05-15T22:31:40.587Z] WebElementLocator - _handleLocateCommand - Element(s) NOT Found: GAVE UP. Search Stop Time: 1526423500562
[ERROR - 2018-05-15T22:31:42.620Z] WebElementLocator - _handleLocateCommand - Element(s) NOT Found: GAVE UP. Search Stop Time: 1526423502593
[ERROR - 2018-05-15T22:31:44.422Z] WebElementLocator - _handleLocateCommand - Element(s) NOT Found: GAVE UP. Search Stop Time: 1526423504367
[ERROR - 2018-05-15T22:31:46.297Z] WebElementLocator - _handleLocateCommand - Element(s) NOT Found: GAVE UP. Search Stop Time: 1526423506267
[ERROR - 2018-05-15T22:31:48.632Z] WebElementLocator - _handleLocateCommand - Element(s) NOT Found: GAVE UP. Search Stop Time: 1526423508587
[INFO  - 2018-05-15T22:31:52.401Z] GhostDriver - Main - running on port 6331
[INFO  - 2018-05-15T22:31:52.716Z] Session [c4054f10-588f-11e8-a3af-dbdc75b16cb6] - page.settings - {"XSSAuditingEnabled":false,"javascriptCanCloseWindows":true,"javascriptCanOpenWindows":true,"javascriptEnabled":true,"loadImages":true,"localToRemoteUrlAccessEnabled":false,"userAgent":"Mozilla/5.0 (Macintosh; Intel Mac OS X) AppleWebKit/538.1 (KHTML, like Gecko) PhantomJS/2.1.1 Safari/538.1","webSecurityEnabled":true}
[INFO  - 2018-05-15T22:31:52.716Z] Session [c4054f10-588f-11e8-a3af-dbdc75b16cb6] - page.customHeaders:  - {}
[INFO  - 2018-05-15T22:31:52.717Z] Session [c4054f10-588f-11e8-a3af-dbdc75b16cb6] - Session.negotiatedCapabilities - {"browserName":"phantomjs","version":"2.1.1","driverName":"ghostdriver","driverVersion":"1.2.0","platform":"mac-unknown-64bit","javascriptEnabled":true,"takesScreenshot":true,"handlesAlerts":false,"databaseEnabled":false,"locationContextEnabled":false,"applicationCacheEnabled":false,"browserConnectionEnabled":false,"cssSelectorsEnabled":true,"webStorageEnabled":false,"rotatable":false,"acceptSslCerts":false,"nativeEvents":true,"proxy":{"proxyType":"direct"}}
[INFO  - 2018-05-15T22:31:52.717Z] SessionManagerReqHand - _postNewSessionCommand - New Session Created: c4054f10-588f-11e8-a3af-dbdc75b16cb6
[ERROR - 2018-05-15T22:31:56.240Z] Session [c4054f10-588f-11e8-a3af-dbdc75b16cb6] - page.onError - msg: TypeError: undefined is not an object (evaluating 'b.origin.toLowerCase')
[ERROR - 2018-05-15T22:31:56.241Z] Session [c4054f10-588f-11e8-a3af-dbdc75b16cb6] - page.onError - stack:
  (anonymous function) (http://irecommend.ru/sites/default/files/js/js_e04790787af668fd59a09bbc8bb4a343.js?v=3725242462a33:40)
  dispatch (https://ajax.googleapis.com/ajax/libs/jquery/1.12.4/jquery.min.js:3)
  handle (https://ajax.googleapis.com/ajax/libs/jquery/1.12.4/jquery.min.js:3)
[ERROR - 2018-05-15T22:31:56.242Z] Session [c4054f10-588f-11e8-a3af-dbdc75b16cb6] - page.onError - msg: TypeError: undefined is not an object (evaluating 'b.origin.toLowerCase')
[ERROR - 2018-05-15T22:31:56.242Z] Session [c4054f10-588f-11e8-a3af-dbdc75b16cb6] - page.onError - stack:
  (anonymous function) (http://irecommend.ru/sites/default/files/js/js_e04790787af668fd59a09bbc8bb4a343.js?v=3725242462a33:40)
  dispatch (https://ajax.googleapis.com/ajax/libs/jquery/1.12.4/jquery.min.js:3)
  handle (https://ajax.googleapis.com/ajax/libs/jquery/1.12.4/jquery.min.js:3)
[ERROR - 2018-05-15T22:31:56.244Z] Session [c4054f10-588f-11e8-a3af-dbdc75b16cb6] - page.onError - msg: TypeError: undefined is not an object (evaluating 'b.origin.toLowerCase')
[ERROR - 2018-05-15T22:31:56.244Z] Session [c4054f10-588f-11e8-a3af-dbdc75b16cb6] - page.onError - stack:
  (anonymous function) (http://irecommend.ru/sites/default/files/js/js_e04790787af668fd59a09bbc8bb4a343.js?v=3725242462a33:40)
  dispatch (https://ajax.googleapis.com/ajax/libs/jquery/1.12.4/jquery.min.js:3)
  handle (https://ajax.googleapis.com/ajax/libs/jquery/1.12.4/jquery.min.js:3)
[INFO  - 2018-05-15T22:32:00.369Z] SessionManagerReqHand - _cleanupWindowlessSessions - Asynchronous Sessions clean-up phase starting NOW
[INFO  - 2018-05-15T22:33:07.928Z] SessionManagerReqHand - _cleanupWindowlessSessions - Asynchronous Sessions clean-up phase starting NOW
[INFO  - 2018-05-15T22:34:11.922Z] SessionManagerReqHand - _cleanupWindowlessSessions - Asynchronous Sessions clean-up phase starting NOW
[INFO  - 2018-05-15T22:34:28.924Z] SessionManagerReqHand - _cleanupWindowlessSessions - Asynchronous Sessions clean-up phase starting NOW
[INFO  - 2018-05-15T22:34:36.925Z] SessionManagerReqHand - _cleanupWindowlessSessions - Asynchronous Sessions clean-up phase starting NOW
[INFO  - 2018-05-15T22:36:36.955Z] GhostDriver - Main - running on port 35487
[INFO  - 2018-05-15T22:36:37.491Z] Session [6dc397f0-5890-11e8-a232-9d9cf76384a2] - page.settings - {"XSSAuditingEnabled":false,"javascriptCanCloseWindows":true,"javascriptCanOpenWindows":true,"javascriptEnabled":true,"loadImages":true,"localToRemoteUrlAccessEnabled":false,"userAgent":"Mozilla/5.0 (Macintosh; Intel Mac OS X) AppleWebKit/538.1 (KHTML, like Gecko) PhantomJS/2.1.1 Safari/538.1","webSecurityEnabled":true}
[INFO  - 2018-05-15T22:36:37.492Z] Session [6dc397f0-5890-11e8-a232-9d9cf76384a2] - page.customHeaders:  - {}
[INFO  - 2018-05-15T22:36:37.492Z] Session [6dc397f0-5890-11e8-a232-9d9cf76384a2] - Session.negotiatedCapabilities - {"browserName":"phantomjs","version":"2.1.1","driverName":"ghostdriver","driverVersion":"1.2.0","platform":"mac-unknown-64bit","javascriptEnabled":true,"takesScreenshot":true,"handlesAlerts":false,"databaseEnabled":false,"locationContextEnabled":false,"applicationCacheEnabled":false,"browserConnectionEnabled":false,"cssSelectorsEnabled":true,"webStorageEnabled":false,"rotatable":false,"acceptSslCerts":false,"nativeEvents":true,"proxy":{"proxyType":"direct"}}
[INFO  - 2018-05-15T22:36:37.492Z] SessionManagerReqHand - _postNewSessionCommand - New Session Created: 6dc397f0-5890-11e8-a232-9d9cf76384a2
[ERROR - 2018-05-15T22:36:40.491Z] Session [6dc397f0-5890-11e8-a232-9d9cf76384a2] - page.onError - msg: TypeError: undefined is not an object (evaluating 'b.origin.toLowerCase')
[ERROR - 2018-05-15T22:36:40.491Z] Session [6dc397f0-5890-11e8-a232-9d9cf76384a2] - page.onError - stack:
  (anonymous function) (http://irecommend.ru/sites/default/files/js/js_e04790787af668fd59a09bbc8bb4a343.js?v=3725242462a33:40)
  dispatch (https://ajax.googleapis.com/ajax/libs/jquery/1.12.4/jquery.min.js:3)
  handle (https://ajax.googleapis.com/ajax/libs/jquery/1.12.4/jquery.min.js:3)
[INFO  - 2018-05-15T22:36:46.261Z] GhostDriver - Main - running on port 36396
[INFO  - 2018-05-15T22:36:46.568Z] Session [732c7b30-5890-11e8-a0c4-47c25d04bd0a] - page.settings - {"XSSAuditingEnabled":false,"javascriptCanCloseWindows":true,"javascriptCanOpenWindows":true,"javascriptEnabled":true,"loadImages":true,"localToRemoteUrlAccessEnabled":false,"userAgent":"Mozilla/5.0 (Macintosh; Intel Mac OS X) AppleWebKit/538.1 (KHTML, like Gecko) PhantomJS/2.1.1 Safari/538.1","webSecurityEnabled":true}
[INFO  - 2018-05-15T22:36:46.568Z] Session [732c7b30-5890-11e8-a0c4-47c25d04bd0a] - page.customHeaders:  - {}
[INFO  - 2018-05-15T22:36:46.568Z] Session [732c7b30-5890-11e8-a0c4-47c25d04bd0a] - Session.negotiatedCapabilities - {"browserName":"phantomjs","version":"2.1.1","driverName":"ghostdriver","driverVersion":"1.2.0","platform":"mac-unknown-64bit","javascriptEnabled":true,"takesScreenshot":true,"handlesAlerts":false,"databaseEnabled":false,"locationContextEnabled":false,"applicationCacheEnabled":false,"browserConnectionEnabled":false,"cssSelectorsEnabled":true,"webStorageEnabled":false,"rotatable":false,"acceptSslCerts":false,"nativeEvents":true,"proxy":{"proxyType":"direct"}}
[INFO  - 2018-05-15T22:36:46.568Z] SessionManagerReqHand - _postNewSessionCommand - New Session Created: 732c7b30-5890-11e8-a0c4-47c25d04bd0a
[ERROR - 2018-05-15T22:36:48.635Z] Session [732c7b30-5890-11e8-a0c4-47c25d04bd0a] - page.onError - msg: TypeError: undefined is not a constructor (evaluating '$.inviewport(this.items.elem[key], {threshold: 0, container: window})')
[ERROR - 2018-05-15T22:36:48.636Z] Session [732c7b30-5890-11e8-a0c4-47c25d04bd0a] - page.onError - stack:
  timer (http://irecommend.ru/superstat/superstat_71c61701e2b5b10311bfb3e525adc2c4.js:1100)
  (anonymous function) (http://irecommend.ru/superstat/superstat_71c61701e2b5b10311bfb3e525adc2c4.js:1083)
[INFO  - 2018-05-15T22:37:00.378Z] SessionManagerReqHand - _cleanupWindowlessSessions - Asynchronous Sessions clean-up phase starting NOW
[INFO  - 2018-05-15T22:38:07.934Z] SessionManagerReqHand - _cleanupWindowlessSessions - Asynchronous Sessions clean-up phase starting NOW
[INFO  - 2018-05-15T22:39:11.932Z] SessionManagerReqHand - _cleanupWindowlessSessions - Asynchronous Sessions clean-up phase starting NOW
[INFO  - 2018-05-15T22:39:28.935Z] SessionManagerReqHand - _cleanupWindowlessSessions - Asynchronous Sessions clean-up phase starting NOW
[INFO  - 2018-05-15T22:39:36.942Z] SessionManagerReqHand - _cleanupWindowlessSessions - Asynchronous Sessions clean-up phase starting NOW
[INFO  - 2018-05-15T22:41:46.244Z] GhostDriver - Main - running on port 42194
[INFO  - 2018-05-15T22:41:46.488Z] Session [25f0a430-5891-11e8-9a85-8d688483d1fd] - page.settings - {"XSSAuditingEnabled":false,"javascriptCanCloseWindows":true,"javascriptCanOpenWindows":true,"javascriptEnabled":true,"loadImages":true,"localToRemoteUrlAccessEnabled":false,"userAgent":"Mozilla/5.0 (Macintosh; Intel Mac OS X) AppleWebKit/538.1 (KHTML, like Gecko) PhantomJS/2.1.1 Safari/538.1","webSecurityEnabled":true}
[INFO  - 2018-05-15T22:41:46.488Z] Session [25f0a430-5891-11e8-9a85-8d688483d1fd] - page.customHeaders:  - {}
[INFO  - 2018-05-15T22:41:46.488Z] Session [25f0a430-5891-11e8-9a85-8d688483d1fd] - Session.negotiatedCapabilities - {"browserName":"phantomjs","version":"2.1.1","driverName":"ghostdriver","driverVersion":"1.2.0","platform":"mac-unknown-64bit","javascriptEnabled":true,"takesScreenshot":true,"handlesAlerts":false,"databaseEnabled":false,"locationContextEnabled":false,"applicationCacheEnabled":false,"browserConnectionEnabled":false,"cssSelectorsEnabled":true,"webStorageEnabled":false,"rotatable":false,"acceptSslCerts":false,"nativeEvents":true,"proxy":{"proxyType":"direct"}}
[INFO  - 2018-05-15T22:41:46.488Z] SessionManagerReqHand - _postNewSessionCommand - New Session Created: 25f0a430-5891-11e8-9a85-8d688483d1fd
[ERROR - 2018-05-15T22:41:49.345Z] Session [25f0a430-5891-11e8-9a85-8d688483d1fd] - page.onError - msg: TypeError: undefined is not an object (evaluating 'b.origin.toLowerCase')
[ERROR - 2018-05-15T22:41:49.345Z] Session [25f0a430-5891-11e8-9a85-8d688483d1fd] - page.onError - stack:
  (anonymous function) (http://irecommend.ru/sites/default/files/js/js_e04790787af668fd59a09bbc8bb4a343.js?v=3725242462a33:40)
  dispatch (https://ajax.googleapis.com/ajax/libs/jquery/1.12.4/jquery.min.js:3)
  handle (https://ajax.googleapis.com/ajax/libs/jquery/1.12.4/jquery.min.js:3)
[INFO  - 2018-05-15T22:41:51.479Z] GhostDriver - Main - running on port 2995
[INFO  - 2018-05-15T22:41:51.519Z] Session [28f02890-5891-11e8-8c88-17f79d7620fc] - page.settings - {"XSSAuditingEnabled":false,"javascriptCanCloseWindows":true,"javascriptCanOpenWindows":true,"javascriptEnabled":true,"loadImages":true,"localToRemoteUrlAccessEnabled":false,"userAgent":"Mozilla/5.0 (Macintosh; Intel Mac OS X) AppleWebKit/538.1 (KHTML, like Gecko) PhantomJS/2.1.1 Safari/538.1","webSecurityEnabled":true}
[INFO  - 2018-05-15T22:41:51.519Z] Session [28f02890-5891-11e8-8c88-17f79d7620fc] - page.customHeaders:  - {}
[INFO  - 2018-05-15T22:41:51.519Z] Session [28f02890-5891-11e8-8c88-17f79d7620fc] - Session.negotiatedCapabilities - {"browserName":"phantomjs","version":"2.1.1","driverName":"ghostdriver","driverVersion":"1.2.0","platform":"mac-unknown-64bit","javascriptEnabled":true,"takesScreenshot":true,"handlesAlerts":false,"databaseEnabled":false,"locationContextEnabled":false,"applicationCacheEnabled":false,"browserConnectionEnabled":false,"cssSelectorsEnabled":true,"webStorageEnabled":false,"rotatable":false,"acceptSslCerts":false,"nativeEvents":true,"proxy":{"proxyType":"direct"}}
[INFO  - 2018-05-15T22:41:51.519Z] SessionManagerReqHand - _postNewSessionCommand - New Session Created: 28f02890-5891-11e8-8c88-17f79d7620fc
[ERROR - 2018-05-15T22:41:54.297Z] Session [28f02890-5891-11e8-8c88-17f79d7620fc] - page.onError - msg: TypeError: undefined is not an object (evaluating 'b.origin.toLowerCase')
[ERROR - 2018-05-15T22:41:54.297Z] Session [28f02890-5891-11e8-8c88-17f79d7620fc] - page.onError - stack:
  (anonymous function) (http://irecommend.ru/sites/default/files/js/js_e04790787af668fd59a09bbc8bb4a343.js?v=3725242462a33:40)
  dispatch (https://ajax.googleapis.com/ajax/libs/jquery/1.12.4/jquery.min.js:3)
  handle (https://ajax.googleapis.com/ajax/libs/jquery/1.12.4/jquery.min.js:3)
[ERROR - 2018-05-15T22:41:54.450Z] Session [28f02890-5891-11e8-8c88-17f79d7620fc] - page.onError - msg: TypeError: undefined is not an object (evaluating 'b.origin.toLowerCase')
[ERROR - 2018-05-15T22:41:54.450Z] Session [28f02890-5891-11e8-8c88-17f79d7620fc] - page.onError - stack:
  (anonymous function) (http://irecommend.ru/sites/default/files/js/js_e04790787af668fd59a09bbc8bb4a343.js?v=3725242462a33:40)
  dispatch (https://ajax.googleapis.com/ajax/libs/jquery/1.12.4/jquery.min.js:3)
  handle (https://ajax.googleapis.com/ajax/libs/jquery/1.12.4/jquery.min.js:3)
[ERROR - 2018-05-15T22:41:54.482Z] Session [28f02890-5891-11e8-8c88-17f79d7620fc] - page.onError - msg: TypeError: undefined is not an object (evaluating 'b.origin.toLowerCase')
[ERROR - 2018-05-15T22:41:54.482Z] Session [28f02890-5891-11e8-8c88-17f79d7620fc] - page.onError - stack:
  (anonymous function) (http://irecommend.ru/sites/default/files/js/js_e04790787af668fd59a09bbc8bb4a343.js?v=3725242462a33:40)
  dispatch (https://ajax.googleapis.com/ajax/libs/jquery/1.12.4/jquery.min.js:3)
  handle (https://ajax.googleapis.com/ajax/libs/jquery/1.12.4/jquery.min.js:3)
[ERROR - 2018-05-15T22:41:55.909Z] Session [28f02890-5891-11e8-8c88-17f79d7620fc] - page.onError - msg: [SafeFrame error] Error in "ya_partner_R-A-59468-18":
Error occurred inside SafeFrame:
Message: TypeError: undefined is not a constructor (evaluating 'new cjs.Sprite()')
URL: http://yastatic.net/safeframe-bundles/0.33/1-1-0/protected/render.html
Line: 12
[ERROR - 2018-05-15T22:41:55.911Z] Session [28f02890-5891-11e8-8c88-17f79d7620fc] - page.onError - stack:
  r (https://yastatic.net/safeframe-bundles/0.33/host.js:1)
[ERROR - 2018-05-15T22:41:55.911Z] Session [28f02890-5891-11e8-8c88-17f79d7620fc] - page.onError - msg: [SafeFrame error] Error in "ya_partner_R-A-59468-18":
Error occurred inside SafeFrame:
Message: TypeError: undefined is not a constructor (evaluating 'AdobeAn.getComposition("9263E43DB03A477F88E013EBCFA5E30C")')
URL: http://yastatic.net/safeframe-bundles/0.33/1-1-0/protected/render.html
Line: 5
[ERROR - 2018-05-15T22:41:55.911Z] Session [28f02890-5891-11e8-8c88-17f79d7620fc] - page.onError - stack:
  r (https://yastatic.net/safeframe-bundles/0.33/host.js:1)
